framework/utility/build/intermediates/manifest_merge_blame_file/debug/manifest-merger-blame-debug-report.txt
1<?xml version="1.0" encoding="utf-8"?>
2<manifest xmlns:android="http://schemas.android.com/apk/res/android"
3    package="com.sofar.utility" >
4
5    <uses-sdk
6        android:minSdkVersion="21"
6-->src/main/AndroidManifest.xml
7        android:targetSdkVersion="29" />
7-->src/main/AndroidManifest.xml
8
9    <uses-permission android:name="android.permission.ACCESS_NETWORK_STATE" />
9-->src/main/AndroidManifest.xml:4:3-77
9-->src/main/AndroidManifest.xml:4:20-74
10    <uses-permission android:name="android.permission.ACCESS_WIFI_STATE" />
10-->src/main/AndroidManifest.xml:5:3-74
10-->src/main/AndroidManifest.xml:5:20-71
11    <uses-permission android:name="android.permission.READ_PHONE_STATE" />
11-->src/main/AndroidManifest.xml:6:3-73
11-->src/main/AndroidManifest.xml:6:20-70
12
13</manifest>